<?xml version="1.0" encoding="UTF-8"?>
<testsuite xmlns:xsi="http://www.w3.org/2001/XMLSchema-instance" xsi:noNamespaceSchemaLocation="https://maven.apache.org/surefire/maven-surefire-plugin/xsd/surefire-test-report.xsd" version="3.0.1" name="com.valtech.training.simple.interest.SimpleInterestTest" time="0.0" tests="1" errors="0" skipped="0" failures="0">
  <properties>
    <property name="java.specification.version" value="21"/>
    <property name="sun.jnu.encoding" value="UTF-8"/>
    <property name="java.class.path" value="/Users/varnikajain/eclipse-workspace/very-big-project/simple-interest/target/test-classes:/Users/varnikajain/eclipse-workspace/very-big-project/simple-interest/target/classes:/Users/varnikajain/.m2/repository/junit/junit/3.8.1/junit-3.8.1.jar:/Users/varnikajain/eclipse-workspace/very-big-project/arithmetic/target/classes:"/>
    <property name="java.vm.vendor" value="Amazon.com Inc."/>
    <property name="sun.arch.data.model" value="64"/>
    <property name="java.vendor.url" value="https://aws.amazon.com/corretto/"/>
    <property name="os.name" value="Mac OS X"/>
    <property name="java.vm.specification.version" value="21"/>
    <property name="sun.java.launcher" value="SUN_STANDARD"/>
    <property name="user.country" value="IN"/>
    <property name="sun.boot.library.path" value="/Users/varnikajain/.sdkman/candidates/java/21.0.5-amzn/lib"/>
    <property name="sun.java.command" value="/Users/varnikajain/eclipse-workspace/very-big-project/simple-interest/target/surefire/surefirebooter-20250217180829254_6.jar /Users/varnikajain/eclipse-workspace/very-big-project/simple-interest/target/surefire 2025-02-17T18-08-29_037-jvmRun1 surefire-20250217180829254_4tmp surefire_1-20250217180829254_5tmp"/>
    <property name="jdk.debug" value="release"/>
    <property name="surefire.test.class.path" value="/Users/varnikajain/eclipse-workspace/very-big-project/simple-interest/target/test-classes:/Users/varnikajain/eclipse-workspace/very-big-project/simple-interest/target/classes:/Users/varnikajain/.m2/repository/junit/junit/3.8.1/junit-3.8.1.jar:/Users/varnikajain/eclipse-workspace/very-big-project/arithmetic/target/classes:"/>
    <property name="sun.cpu.endian" value="little"/>
    <property name="user.home" value="/Users/varnikajain"/>
    <property name="user.language" value="en"/>
    <property name="java.specification.vendor" value="Oracle Corporation"/>
    <property name="java.version.date" value="2024-10-15"/>
    <property name="java.home" value="/Users/varnikajain/.sdkman/candidates/java/21.0.5-amzn"/>
    <property name="file.separator" value="/"/>
    <property name="basedir" value="/Users/varnikajain/eclipse-workspace/very-big-project/simple-interest"/>
    <property name="java.vm.compressedOopsMode" value="Zero based"/>
    <property name="line.separator" value="&#10;"/>
    <property name="java.specification.name" value="Java Platform API Specification"/>
    <property name="java.vm.specification.vendor" value="Oracle Corporation"/>
    <property name="apple.awt.application.name" value="ForkedBooter"/>
    <property name="surefire.real.class.path" value="/Users/varnikajain/eclipse-workspace/very-big-project/simple-interest/target/surefire/surefirebooter-20250217180829254_6.jar"/>
    <property name="sun.management.compiler" value="HotSpot 64-Bit Tiered Compilers"/>
    <property name="java.runtime.version" value="21.0.5+11-LTS"/>
    <property name="user.name" value="varnikajain"/>
    <property name="stdout.encoding" value="UTF-8"/>
    <property name="path.separator" value=":"/>
    <property name="os.version" value="15.3.1"/>
    <property name="java.runtime.name" value="OpenJDK Runtime Environment"/>
    <property name="file.encoding" value="UTF-8"/>
    <property name="java.vm.name" value="OpenJDK 64-Bit Server VM"/>
    <property name="java.vendor.version" value="Corretto-21.0.5.11.1"/>
    <property name="localRepository" value="/Users/varnikajain/.m2/repository"/>
    <property name="java.vendor.url.bug" value="https://github.com/corretto/corretto-21/issues/"/>
    <property name="java.io.tmpdir" value="/var/folders/m_/33q46xtx2ss6mr11psgf_dt00000gp/T/"/>
    <property name="java.version" value="21.0.5"/>
    <property name="user.dir" value="/Users/varnikajain/eclipse-workspace/very-big-project/simple-interest"/>
    <property name="os.arch" value="aarch64"/>
    <property name="java.vm.specification.name" value="Java Virtual Machine Specification"/>
    <property name="native.encoding" value="UTF-8"/>
    <property name="java.library.path" value="/Users/varnikajain/Library/Java/Extensions:/Library/Java/Extensions:/Network/Library/Java/Extensions:/System/Library/Java/Extensions:/usr/lib/java:."/>
    <property name="java.vm.info" value="mixed mode, sharing"/>
    <property name="stderr.encoding" value="UTF-8"/>
    <property name="java.vendor" value="Amazon.com Inc."/>
    <property name="java.vm.version" value="21.0.5+11-LTS"/>
    <property name="sun.io.unicode.encoding" value="UnicodeBig"/>
    <property name="java.class.version" value="65.0"/>
  </properties>
  <testcase name="testSimpleInterest" classname="com.valtech.training.simple.interest.SimpleInterestTest" time="0.0"/>
</testsuite>